<?xml version="1.0" encoding="UTF-8"?>
<testng-results total="1" passed="1" failed="0" skipped="0">
  <reporter-output>
  </reporter-output>
  <suite started-at="2021-01-09T02:52:06Z" name="Suite" finished-at="2021-01-09T02:52:54Z" duration-ms="48592">
    <groups>
      <group name="cucumber">
        <method signature="AbstractTestNGCucumberTests.feature(cucumber.api.testng.CucumberFeatureWrapper)[pri:0, instance:cucumberOptions.TestRunner@5b8dfcc1]" name="feature" class="cucumber.api.testng.AbstractTestNGCucumberTests"/>
      </group> <!-- cucumber -->
    </groups>
    <test started-at="2021-01-09T02:52:06Z" name="Validating User login" finished-at="2021-01-09T02:52:54Z" duration-ms="48592">
      <class name="cucumberOptions.TestRunner">
        <test-method is-config="true" signature="setUpClass()[pri:0, instance:cucumberOptions.TestRunner@5b8dfcc1]" started-at="2021-01-09T02:52:06Z" name="setUpClass" finished-at="2021-01-09T02:52:06Z" duration-ms="269" status="PASS">
          <reporter-output>
          </reporter-output>
        </test-method> <!-- setUpClass -->
        <test-method signature="feature(cucumber.api.testng.CucumberFeatureWrapper)[pri:0, instance:cucumberOptions.TestRunner@5b8dfcc1]" started-at="2021-01-09T02:52:06Z" name="feature" description="Runs Cucumber Feature" data-provider="features" finished-at="2021-01-09T02:52:54Z" duration-ms="48216" status="PASS">
          <params>
            <param index="0">
              <value>
                <![CDATA[Login into Application]]>
              </value>
            </param>
          </params>
          <reporter-output>
          </reporter-output>
        </test-method> <!-- feature -->
        <test-method is-config="true" signature="tearDownClass()[pri:0, instance:cucumberOptions.TestRunner@5b8dfcc1]" started-at="2021-01-09T02:52:54Z" name="tearDownClass" finished-at="2021-01-09T02:52:54Z" duration-ms="5" status="PASS">
          <reporter-output>
          </reporter-output>
        </test-method> <!-- tearDownClass -->
      </class> <!-- cucumberOptions.TestRunner -->
    </test> <!-- Validating User login -->
  </suite> <!-- Suite -->
</testng-results>
